<?xml version="1.0" encoding="UTF-8"?>
<!-- Generated by org.testng.reporters.JUnitReportReporter -->
<testsuite hostname="DESKTOP-MDCBIOJ" failures="0" tests="3" name="DynamicJson" time="2.951" errors="0" timestamp="2024-06-24T12:54:46 IST" skipped="0">
  <testcase classname="DynamicJson" name="Addbook" time="0.163"/>
  <testcase classname="DynamicJson" name="Addbook" time="0.164"/>
  <testcase classname="DynamicJson" name="Addbook" time="2.624"/>
</testsuite> <!-- DynamicJson -->
