<?xml version="1.0" encoding="UTF-8"?>
<!-- Generated by org.testng.reporters.JUnitReportReporter -->
<testsuite hostname="DESKTOP-MDCBIOJ" failures="0" tests="1" name="sumValidation" time="2.185" errors="0" timestamp="2024-06-20T10:34:03 IST" skipped="0">
  <testcase classname="sumValidation" name="sumOfCourses" time="2.185"/>
</testsuite> <!-- sumValidation -->
